#
# There is insufficient memory for the Java Runtime Environment to continue.
# Native memory allocation (malloc) failed to allocate 791616 bytes for Chunk::new
# Possible reasons:
#   The system is out of physical RAM or swap space
#   The process is running with CompressedOops enabled, and the Java Heap may be blocking the growth of the native heap
# Possible solutions:
#   Reduce memory load on the system
#   Increase physical memory or swap space
#   Check if swap backing store is full
#   Decrease Java heap size (-Xmx/-Xms)
#   Decrease number of Java threads
#   Decrease Java thread stack sizes (-Xss)
#   Set larger code cache with -XX:ReservedCodeCacheSize=
#   JVM is running with Unscaled Compressed Oops mode in which the Java heap is
#     placed in the first 4GB address space. The Java Heap base address is the
#     maximum limit for the native heap growth. Please use -XX:HeapBaseMinAddress
#     to set the Java Heap base and to place the Java Heap above 4GB virtual address.
# This output file may be truncated or incomplete.
#
#  Out of Memory Error (allocation.cpp:389), pid=2032, tid=0x0000000000001a10
#
# JRE version: OpenJDK Runtime Environment (8.0_242-b01) (build 1.8.0_242-release-1644-b01)
# Java VM: OpenJDK 64-Bit Server VM (25.242-b01 mixed mode windows-amd64 compressed oops)
# Failed to write core dump. Minidumps are not enabled by default on client versions of Windows
#

---------------  T H R E A D  ---------------

Current thread (0x0000000017eea800):  JavaThread "C2 CompilerThread1" daemon [_thread_in_native, id=6672, stack(0x0000000019640000,0x0000000019740000)]

Stack: [0x0000000019640000,0x0000000019740000]
[error occurred during error reporting (printing stack bounds), id 0xc0000005]

Native frames: (J=compiled Java code, j=interpreted, Vv=VM code, C=native code)


Current CompileTask:
C2:   3942 1491       4       java.net.URLClassLoader$1::run (5 bytes)


---------------  P R O C E S S  ---------------

Java Threads: ( => current thread )
  0x000000001bdd7000 JavaThread "File lock request listener" [_thread_in_native, id=11216, stack(0x000000001ddc0000,0x000000001dec0000)]
  0x000000001bd96800 JavaThread "Cache worker for journal cache (C:\Users\htc\.gradle\caches\journal-1)" [_thread_blocked, id=7016, stack(0x000000001dcc0000,0x000000001ddc0000)]
  0x000000001bcae800 JavaThread "Thread-9" [_thread_blocked, id=11500, stack(0x000000001d9c0000,0x000000001dac0000)]
  0x000000001bcae000 JavaThread "Stdin handler" [_thread_blocked, id=7992, stack(0x000000001d8c0000,0x000000001d9c0000)]
  0x000000001bcad000 JavaThread "Asynchronous log dispatcher for DefaultDaemonConnection: socket connection from /127.0.0.1:51618 to /127.0.0.1:51619" [_thread_blocked, id=6968, stack(0x000000001d7c0000,0x000000001d8c0000)]
  0x000000001bcc8800 JavaThread "Daemon worker" [_thread_in_vm, id=11920, stack(0x000000001d6c0000,0x000000001d7c0000)]
  0x000000001bcce800 JavaThread "Cancel handler" [_thread_blocked, id=12232, stack(0x000000001d5c0000,0x000000001d6c0000)]
  0x000000001bc7b800 JavaThread "Handler for socket connection from /127.0.0.1:51618 to /127.0.0.1:51619" [_thread_in_native, id=5768, stack(0x000000001d4c0000,0x000000001d5c0000)]
  0x000000001bc58800 JavaThread "Daemon" [_thread_blocked, id=9308, stack(0x000000001d1c0000,0x000000001d2c0000)]
  0x000000001bc04000 JavaThread "Daemon periodic checks" [_thread_blocked, id=11936, stack(0x000000001d0c0000,0x000000001d1c0000)]
  0x000000001bc01000 JavaThread "Incoming local TCP Connector on port 51618" [_thread_in_native, id=2996, stack(0x000000001ce80000,0x000000001cf80000)]
  0x000000001baf2000 JavaThread "Daemon health stats" [_thread_blocked, id=4852, stack(0x000000001c840000,0x000000001c940000)]
  0x000000001986a000 JavaThread "Service Thread" daemon [_thread_blocked, id=4428, stack(0x0000000019c40000,0x0000000019d40000)]
  0x0000000017f12000 JavaThread "C1 CompilerThread2" daemon [_thread_blocked, id=8392, stack(0x0000000019740000,0x0000000019840000)]
=>0x0000000017eea800 JavaThread "C2 CompilerThread1" daemon [_thread_in_native, id=6672, stack(0x0000000019640000,0x0000000019740000)]
  0x0000000017ee2000 JavaThread "C2 CompilerThread0" daemon [_thread_blocked, id=11604, stack(0x0000000019540000,0x0000000019640000)]
  0x0000000017ee6000 JavaThread "Attach Listener" daemon [_thread_blocked, id=11684, stack(0x0000000019440000,0x0000000019540000)]
  0x0000000017ee4800 JavaThread "Signal Dispatcher" daemon [_thread_blocked, id=992, stack(0x0000000019340000,0x0000000019440000)]
  0x00000000032bb000 JavaThread "Finalizer" daemon [_thread_blocked, id=7176, stack(0x0000000019140000,0x0000000019240000)]
  0x0000000017ec9000 JavaThread "Reference Handler" daemon [_thread_blocked, id=2040, stack(0x0000000019040000,0x0000000019140000)]
  0x00000000031bd800 JavaThread "main" [_thread_blocked, id=904, stack(0x0000000003040000,0x0000000003140000)]

Other Threads:
  0x0000000017ea6000 VMThread [stack: 0x0000000018f40000,0x0000000019040000] [id=1500]
  0x000000001986b800 WatcherThread [stack: 0x0000000019d40000,0x0000000019e40000] [id=12028]

VM state:not at safepoint (normal execution)

VM Mutex/Monitor currently owned by a thread: None

heap address: 0x0000000080000000, size: 2048 MB, Compressed Oops mode: 32-bit
Narrow klass base: 0x0000000000000000, Narrow klass shift: 3
Compressed class space size: 1073741824 Address: 0x0000000100000000

Heap:
 PSYoungGen      total 35328K, used 35010K [0x00000000d5580000, 0x00000000da180000, 0x0000000100000000)
  eden space 32768K, 99% used [0x00000000d5580000,0x00000000d7530be0,0x00000000d7580000)
  from space 2560K, 100% used [0x00000000d7580000,0x00000000d7800000,0x00000000d7800000)
  to   space 6144K, 0% used [0x00000000d9b80000,0x00000000d9b80000,0x00000000da180000)
 ParOldGen       total 44032K, used 5059K [0x0000000080000000, 0x0000000082b00000, 0x00000000d5580000)
  object space 44032K, 11% used [0x0000000080000000,0x00000000804f0cb0,0x0000000082b00000)
 Metaspace       used 15275K, capacity 15758K, committed 16128K, reserved 1062912K
  class space    used 2017K, capacity 2185K, committed 2304K, reserved 1048576K

Card table byte_map: [0x0000000012680000,0x0000000012a90000] byte_map_base: 0x0000000012280000

Marking Bits: (ParMarkBitMap*) 0x00000000744ef030
 Begin Bits: [0x0000000013140000, 0x0000000015140000)
 End Bits:   [0x0000000015140000, 0x0000000017140000)

Polling page: 0x0000000001790000

CodeCache: size=245760Kb used=5311Kb max_used=5311Kb free=240448Kb
 bounds [0x00000000032c0000, 0x0000000003800000, 0x00000000122c0000]
 total_blobs=1884 nmethods=1496 adapters=301
 compilation: enabled

Compilation events (10 events):
Event: 3.919 Thread 0x0000000017f12000 1494       3       org.gradle.util.GradleVersion::compareTo (244 bytes)
Event: 3.920 Thread 0x0000000017f12000 nmethod 1494 0x00000000037efb10 code [0x00000000037efda0, 0x00000000037f1238]
Event: 3.920 Thread 0x0000000017f12000 1496       3       org.gradle.internal.file.FilePathUtil::sizeOfCommonPrefix (142 bytes)
Event: 3.922 Thread 0x0000000017f12000 nmethod 1496 0x00000000037f1990 code [0x00000000037f1c00, 0x00000000037f3028]
Event: 3.922 Thread 0x0000000017f12000 1495       3       com.google.common.collect.AbstractIndexedListIterator::hasNext (17 bytes)
Event: 3.922 Thread 0x0000000017f12000 nmethod 1495 0x00000000037ef790 code [0x00000000037ef8e0, 0x00000000037efa90]
Event: 3.922 Thread 0x0000000017f12000 1497       3       org.gradle.internal.file.DefaultFileHierarchySet$Node::sizeOfCommonPrefix (10 bytes)
Event: 3.922 Thread 0x0000000017f12000 nmethod 1497 0x00000000037eb250 code [0x00000000037eb3c0, 0x00000000037eb5a8]
Event: 3.922 Thread 0x0000000017f12000 1498       1       com.google.common.collect.RegularImmutableList::size (5 bytes)
Event: 3.922 Thread 0x0000000017f12000 nmethod 1498 0x00000000037eaf90 code [0x00000000037eb0e0, 0x00000000037eb1f0]

GC Heap History (10 events):
Event: 1.415 GC heap before
{Heap before GC invocations=1 (full 0):
 PSYoungGen      total 18944K, used 16384K [0x00000000d5580000, 0x00000000d6a80000, 0x0000000100000000)
  eden space 16384K, 100% used [0x00000000d5580000,0x00000000d6580000,0x00000000d6580000)
  from space 2560K, 0% used [0x00000000d6800000,0x00000000d6800000,0x00000000d6a80000)
  to   space 2560K, 0% used [0x00000000d6580000,0x00000000d6580000,0x00000000d6800000)
 ParOldGen       total 44032K, used 0K [0x0000000080000000, 0x0000000082b00000, 0x00000000d5580000)
  object space 44032K, 0% used [0x0000000080000000,0x0000000080000000,0x0000000082b00000)
 Metaspace       used 5649K, capacity 5952K, committed 6272K, reserved 1056768K
  class space    used 661K, capacity 774K, committed 896K, reserved 1048576K
Event: 1.419 GC heap after
Heap after GC invocations=1 (full 0):
 PSYoungGen      total 18944K, used 2217K [0x00000000d5580000, 0x00000000d6a80000, 0x0000000100000000)
  eden space 16384K, 0% used [0x00000000d5580000,0x00000000d5580000,0x00000000d6580000)
  from space 2560K, 86% used [0x00000000d6580000,0x00000000d67aa528,0x00000000d6800000)
  to   space 2560K, 0% used [0x00000000d6800000,0x00000000d6800000,0x00000000d6a80000)
 ParOldGen       total 44032K, used 8K [0x0000000080000000, 0x0000000082b00000, 0x00000000d5580000)
  object space 44032K, 0% used [0x0000000080000000,0x0000000080002000,0x0000000082b00000)
 Metaspace       used 5649K, capacity 5952K, committed 6272K, reserved 1056768K
  class space    used 661K, capacity 774K, committed 896K, reserved 1048576K
}
Event: 1.800 GC heap before
{Heap before GC invocations=2 (full 0):
 PSYoungGen      total 18944K, used 18601K [0x00000000d5580000, 0x00000000d6a80000, 0x0000000100000000)
  eden space 16384K, 100% used [0x00000000d5580000,0x00000000d6580000,0x00000000d6580000)
  from space 2560K, 86% used [0x00000000d6580000,0x00000000d67aa528,0x00000000d6800000)
  to   space 2560K, 0% used [0x00000000d6800000,0x00000000d6800000,0x00000000d6a80000)
 ParOldGen       total 44032K, used 8K [0x0000000080000000, 0x0000000082b00000, 0x00000000d5580000)
  object space 44032K, 0% used [0x0000000080000000,0x0000000080002000,0x0000000082b00000)
 Metaspace       used 7234K, capacity 7446K, committed 7680K, reserved 1056768K
  class space    used 890K, capacity 973K, committed 1024K, reserved 1048576K
Event: 1.808 GC heap after
Heap after GC invocations=2 (full 0):
 PSYoungGen      total 18944K, used 2544K [0x00000000d5580000, 0x00000000d7a80000, 0x0000000100000000)
  eden space 16384K, 0% used [0x00000000d5580000,0x00000000d5580000,0x00000000d6580000)
  from space 2560K, 99% used [0x00000000d6800000,0x00000000d6a7c030,0x00000000d6a80000)
  to   space 2560K, 0% used [0x00000000d6580000,0x00000000d6580000,0x00000000d6800000)
 ParOldGen       total 44032K, used 948K [0x0000000080000000, 0x0000000082b00000, 0x00000000d5580000)
  object space 44032K, 2% used [0x0000000080000000,0x00000000800ed208,0x0000000082b00000)
 Metaspace       used 7234K, capacity 7446K, committed 7680K, reserved 1056768K
  class space    used 890K, capacity 973K, committed 1024K, reserved 1048576K
}
Event: 2.026 GC heap before
{Heap before GC invocations=3 (full 0):
 PSYoungGen      total 18944K, used 18928K [0x00000000d5580000, 0x00000000d7a80000, 0x0000000100000000)
  eden space 16384K, 100% used [0x00000000d5580000,0x00000000d6580000,0x00000000d6580000)
  from space 2560K, 99% used [0x00000000d6800000,0x00000000d6a7c030,0x00000000d6a80000)
  to   space 2560K, 0% used [0x00000000d6580000,0x00000000d6580000,0x00000000d6800000)
 ParOldGen       total 44032K, used 948K [0x0000000080000000, 0x0000000082b00000, 0x00000000d5580000)
  object space 44032K, 2% used [0x0000000080000000,0x00000000800ed208,0x0000000082b00000)
 Metaspace       used 7271K, capacity 7510K, committed 7680K, reserved 1056768K
  class space    used 890K, capacity 973K, committed 1024K, reserved 1048576K
Event: 2.028 GC heap after
Heap after GC invocations=3 (full 0):
 PSYoungGen      total 18944K, used 2144K [0x00000000d5580000, 0x00000000d7a80000, 0x0000000100000000)
  eden space 16384K, 0% used [0x00000000d5580000,0x00000000d5580000,0x00000000d6580000)
  from space 2560K, 83% used [0x00000000d6580000,0x00000000d6798020,0x00000000d6800000)
  to   space 2560K, 0% used [0x00000000d7800000,0x00000000d7800000,0x00000000d7a80000)
 ParOldGen       total 44032K, used 956K [0x0000000080000000, 0x0000000082b00000, 0x00000000d5580000)
  object space 44032K, 2% used [0x0000000080000000,0x00000000800ef208,0x0000000082b00000)
 Metaspace       used 7271K, capacity 7510K, committed 7680K, reserved 1056768K
  class space    used 890K, capacity 973K, committed 1024K, reserved 1048576K
}
Event: 2.317 GC heap before
{Heap before GC invocations=4 (full 0):
 PSYoungGen      total 18944K, used 18528K [0x00000000d5580000, 0x00000000d7a80000, 0x0000000100000000)
  eden space 16384K, 100% used [0x00000000d5580000,0x00000000d6580000,0x00000000d6580000)
  from space 2560K, 83% used [0x00000000d6580000,0x00000000d6798020,0x00000000d6800000)
  to   space 2560K, 0% used [0x00000000d7800000,0x00000000d7800000,0x00000000d7a80000)
 ParOldGen       total 44032K, used 956K [0x0000000080000000, 0x0000000082b00000, 0x00000000d5580000)
  object space 44032K, 2% used [0x0000000080000000,0x00000000800ef208,0x0000000082b00000)
 Metaspace       used 7475K, capacity 7758K, committed 7936K, reserved 1056768K
  class space    used 917K, capacity 1013K, committed 1024K, reserved 1048576K
Event: 2.322 GC heap after
Heap after GC invocations=4 (full 0):
 PSYoungGen      total 35328K, used 2528K [0x00000000d5580000, 0x00000000d7a80000, 0x0000000100000000)
  eden space 32768K, 0% used [0x00000000d5580000,0x00000000d5580000,0x00000000d7580000)
  from space 2560K, 98% used [0x00000000d7800000,0x00000000d7a78020,0x00000000d7a80000)
  to   space 2560K, 0% used [0x00000000d7580000,0x00000000d7580000,0x00000000d7800000)
 ParOldGen       total 44032K, used 1498K [0x0000000080000000, 0x0000000082b00000, 0x00000000d5580000)
  object space 44032K, 3% used [0x0000000080000000,0x0000000080176880,0x0000000082b00000)
 Metaspace       used 7475K, capacity 7758K, committed 7936K, reserved 1056768K
  class space    used 917K, capacity 1013K, committed 1024K, reserved 1048576K
}
Event: 3.529 GC heap before
{Heap before GC invocations=5 (full 0):
 PSYoungGen      total 35328K, used 35296K [0x00000000d5580000, 0x00000000d7a80000, 0x0000000100000000)
  eden space 32768K, 100% used [0x00000000d5580000,0x00000000d7580000,0x00000000d7580000)
  from space 2560K, 98% used [0x00000000d7800000,0x00000000d7a78020,0x00000000d7a80000)
  to   space 2560K, 0% used [0x00000000d7580000,0x00000000d7580000,0x00000000d7800000)
 ParOldGen       total 44032K, used 1498K [0x0000000080000000, 0x0000000082b00000, 0x00000000d5580000)
  object space 44032K, 3% used [0x0000000080000000,0x0000000080176880,0x0000000082b00000)
 Metaspace       used 12191K, capacity 12500K, committed 12800K, reserved 1060864K
  class space    used 1626K, capacity 1726K, committed 1792K, reserved 1048576K
Event: 3.540 GC heap after
Heap after GC invocations=5 (full 0):
 PSYoungGen      total 35328K, used 2560K [0x00000000d5580000, 0x00000000da180000, 0x0000000100000000)
  eden space 32768K, 0% used [0x00000000d5580000,0x00000000d5580000,0x00000000d7580000)
  from space 2560K, 100% used [0x00000000d7580000,0x00000000d7800000,0x00000000d7800000)
  to   space 6144K, 0% used [0x00000000d9b80000,0x00000000d9b80000,0x00000000da180000)
 ParOldGen       total 44032K, used 5059K [0x0000000080000000, 0x0000000082b00000, 0x00000000d5580000)
  object space 44032K, 11% used [0x0000000080000000,0x00000000804f0cb0,0x0000000082b00000)
 Metaspace       used 12191K, capacity 12500K, committed 12800K, reserved 1060864K
  class space    used 1626K, capacity 1726K, committed 1792K, reserved 1048576K
}

Deoptimization events (10 events):
Event: 2.991 Thread 0x00000000031bd800 Uncommon trap: reason=unstable_if action=reinterpret pc=0x0000000003601154 method=java.io.WinNTFileSystem.normalize(Ljava/lang/String;)Ljava/lang/String; @ 128
Event: 3.449 Thread 0x000000001bc7b800 Uncommon trap: reason=unstable_if action=reinterpret pc=0x00000000036d99e8 method=java.util.concurrent.ConcurrentHashMap.putVal(Ljava/lang/Object;Ljava/lang/Object;Z)Ljava/lang/Object; @ 206
Event: 3.520 Thread 0x000000001bcc8800 Uncommon trap: reason=bimorphic action=maybe_recompile pc=0x00000000035d2058 method=java.util.HashMap.putVal(ILjava/lang/Object;Ljava/lang/Object;ZZ)Ljava/lang/Object; @ 253
Event: 3.520 Thread 0x000000001bcc8800 Uncommon trap: reason=bimorphic action=maybe_recompile pc=0x00000000035d2058 method=java.util.HashMap.putVal(ILjava/lang/Object;Ljava/lang/Object;ZZ)Ljava/lang/Object; @ 253
Event: 3.520 Thread 0x000000001bcc8800 Uncommon trap: reason=bimorphic action=maybe_recompile pc=0x00000000035d2058 method=java.util.HashMap.putVal(ILjava/lang/Object;Ljava/lang/Object;ZZ)Ljava/lang/Object; @ 253
Event: 3.520 Thread 0x000000001bcc8800 Uncommon trap: reason=bimorphic action=maybe_recompile pc=0x00000000035d2058 method=java.util.HashMap.putVal(ILjava/lang/Object;Ljava/lang/Object;ZZ)Ljava/lang/Object; @ 253
Event: 3.802 Thread 0x000000001bcc8800 Uncommon trap: reason=class_check action=maybe_recompile pc=0x00000000035f93d8 method=java.util.regex.Matcher.match(II)Z @ 86
Event: 3.821 Thread 0x000000001bcc8800 Uncommon trap: reason=class_check action=maybe_recompile pc=0x00000000035f93d8 method=java.util.regex.Matcher.match(II)Z @ 86
Event: 3.822 Thread 0x000000001bcc8800 Uncommon trap: reason=class_check action=maybe_recompile pc=0x00000000035f93d8 method=java.util.regex.Matcher.match(II)Z @ 86
Event: 3.822 Thread 0x000000001bcc8800 Uncommon trap: reason=class_check action=maybe_recompile pc=0x000000000348a20c method=java.util.regex.Matcher.match(II)Z @ 86

Classes redefined (0 events):
No events

Internal exceptions (10 events):
Event: 1.546 Thread 0x00000000031bd800 Exception <a 'java/lang/ArrayIndexOutOfBoundsException'> (0x00000000d5b067d8) thrown at [C:\src\AOSP-openjdk-git\hotspot\src\share\vm\runtime\sharedRuntime.cpp, line 605]
Event: 1.547 Thread 0x00000000031bd800 Exception <a 'java/lang/ArrayIndexOutOfBoundsException'> (0x00000000d5b20308) thrown at [C:\src\AOSP-openjdk-git\hotspot\src\share\vm\runtime\sharedRuntime.cpp, line 605]
Event: 3.384 Thread 0x00000000031bd800 Exception <a 'java/io/IOException'> (0x00000000d71149e8) thrown at [C:\src\AOSP-openjdk-git\hotspot\src\share\vm\prims\jni.cpp, line 710]
Event: 3.451 Thread 0x000000001bc7b800 Exception <a 'java/lang/NoSuchMethodError': <clinit>> (0x00000000d72dfb60) thrown at [C:\src\AOSP-openjdk-git\hotspot\src\share\vm\prims\jni.cpp, line 1615]
Event: 3.452 Thread 0x000000001bc7b800 Exception <a 'java/lang/NoSuchMethodError': <clinit>> (0x00000000d72e9268) thrown at [C:\src\AOSP-openjdk-git\hotspot\src\share\vm\prims\jni.cpp, line 1615]
Event: 3.455 Thread 0x000000001bc7b800 Exception <a 'java/lang/NoSuchMethodError': <clinit>> (0x00000000d72fd820) thrown at [C:\src\AOSP-openjdk-git\hotspot\src\share\vm\prims\jni.cpp, line 1615]
Event: 3.470 Thread 0x000000001bc7b800 Exception <a 'java/lang/NoSuchMethodError': <clinit>> (0x00000000d736a6e0) thrown at [C:\src\AOSP-openjdk-git\hotspot\src\share\vm\prims\jni.cpp, line 1615]
Event: 3.478 Thread 0x000000001bc7b800 Exception <a 'java/lang/NoSuchMethodError': <clinit>> (0x00000000d73a4bb8) thrown at [C:\src\AOSP-openjdk-git\hotspot\src\share\vm\prims\jni.cpp, line 1615]
Event: 3.484 Thread 0x000000001bc7b800 Exception <a 'java/lang/NoSuchMethodError': <clinit>> (0x00000000d73da708) thrown at [C:\src\AOSP-openjdk-git\hotspot\src\share\vm\prims\jni.cpp, line 1615]
Event: 3.486 Thread 0x000000001bc7b800 Exception <a 'java/lang/NoSuchMethodError': <clinit>> (0x00000000d73e6c68) thrown at [C:\src\AOSP-openjdk-git\hotspot\src\share\vm\prims\jni.cpp, line 1615]

Events (10 events):
Event: 3.930 loading class com/google/common/collect/MapMakerInternalMap$InternalEntry
Event: 3.930 loading class com/google/common/collect/MapMakerInternalMap$InternalEntry done
Event: 3.930 loading class com/google/common/collect/MapMakerInternalMap$WeakKeyDummyValueEntry$Helper
Event: 3.930 loading class com/google/common/collect/MapMakerInternalMap$WeakKeyDummyValueEntry$Helper done
Event: 3.931 loading class com/google/common/collect/MapMakerInternalMap$Segment
Event: 3.931 loading class com/google/common/collect/MapMakerInternalMap$Segment done
Event: 3.933 loading class com/google/common/collect/MapMakerInternalMap$WeakKeyDummyValueSegment
Event: 3.933 loading class com/google/common/collect/MapMakerInternalMap$WeakKeyDummyValueSegment done
Event: 3.935 loading class org/gradle/api/internal/changedetection/state/CrossBuildFileHashCache$Kind
Event: 3.936 loading class org/gradle/api/internal/changedetection/state/CrossBuildFileHashCache$Kind done


Dynamic libraries:
0x00007ff6b9e30000 - 0x00007ff6b9e61000 	C:\Program Files\Android\Android Studio1\jre\bin\java.exe
0x00007fff3f9e0000 - 0x00007fff3fbd0000 	C:\WINDOWS\SYSTEM32\ntdll.dll
0x00007fff3d520000 - 0x00007fff3d5d2000 	C:\WINDOWS\System32\KERNEL32.DLL
0x00007fff3bfc0000 - 0x00007fff3c265000 	C:\WINDOWS\System32\KERNELBASE.dll
0x00007fff3ecf0000 - 0x00007fff3ed93000 	C:\WINDOWS\System32\ADVAPI32.dll
0x00007fff3d110000 - 0x00007fff3d1ae000 	C:\WINDOWS\System32\msvcrt.dll
0x00007fff3f8a0000 - 0x00007fff3f937000 	C:\WINDOWS\System32\sechost.dll
0x00007fff3eda0000 - 0x00007fff3eec0000 	C:\WINDOWS\System32\RPCRT4.dll
0x00007fff3dcf0000 - 0x00007fff3de84000 	C:\WINDOWS\System32\USER32.dll
0x00007fff3c6a0000 - 0x00007fff3c6c1000 	C:\WINDOWS\System32\win32u.dll
0x00007fff3d270000 - 0x00007fff3d296000 	C:\WINDOWS\System32\GDI32.dll
0x00007fff3c500000 - 0x00007fff3c696000 	C:\WINDOWS\System32\gdi32full.dll
0x00007fff3c800000 - 0x00007fff3c89e000 	C:\WINDOWS\System32\msvcp_win.dll
0x00007fff3c6d0000 - 0x00007fff3c7ca000 	C:\WINDOWS\System32\ucrtbase.dll
0x00007fff29770000 - 0x00007fff299f4000 	C:\WINDOWS\WinSxS\amd64_microsoft.windows.common-controls_6595b64144ccf1df_6.0.18362.1256_none_9e7e379be45e40e2\COMCTL32.dll
0x00007fff3f2b0000 - 0x00007fff3f5e6000 	C:\WINDOWS\System32\combase.dll
0x00007fff3c2d0000 - 0x00007fff3c351000 	C:\WINDOWS\System32\bcryptPrimitives.dll
0x00007fff3eba0000 - 0x00007fff3ebce000 	C:\WINDOWS\System32\IMM32.DLL
0x00000000732f0000 - 0x00000000733c2000 	C:\Program Files\Android\Android Studio1\jre\jre\bin\msvcr100.dll
0x0000000073d20000 - 0x000000007456b000 	C:\Program Files\Android\Android Studio1\jre\jre\bin\server\jvm.dll
0x00007fff3d1b0000 - 0x00007fff3d1b8000 	C:\WINDOWS\System32\PSAPI.DLL
0x00007fff38a10000 - 0x00007fff38a34000 	C:\WINDOWS\SYSTEM32\WINMM.dll
0x00007fff11840000 - 0x00007fff11849000 	C:\WINDOWS\SYSTEM32\WSOCK32.dll
0x00007fff2dee0000 - 0x00007fff2deea000 	C:\WINDOWS\SYSTEM32\VERSION.dll
0x00007fff3f240000 - 0x00007fff3f2af000 	C:\WINDOWS\System32\WS2_32.dll
0x00007fff389e0000 - 0x00007fff38a0d000 	C:\WINDOWS\SYSTEM32\WINMMBASE.dll
0x00007fff3c4b0000 - 0x00007fff3c4fa000 	C:\WINDOWS\System32\cfgmgr32.dll
0x00007fff10c10000 - 0x00007fff10c1f000 	C:\Program Files\Android\Android Studio1\jre\jre\bin\verify.dll
0x00007fff0af80000 - 0x00007fff0afa9000 	C:\Program Files\Android\Android Studio1\jre\jre\bin\java.dll
0x00007fff0e0a0000 - 0x00007fff0e0b6000 	C:\Program Files\Android\Android Studio1\jre\jre\bin\zip.dll
0x00007fff3e4b0000 - 0x00007fff3eb97000 	C:\WINDOWS\System32\SHELL32.dll
0x00007fff3ebe0000 - 0x00007fff3ec89000 	C:\WINDOWS\System32\shcore.dll
0x00007fff3c8c0000 - 0x00007fff3d041000 	C:\WINDOWS\System32\windows.storage.dll
0x00007fff3bf90000 - 0x00007fff3bfb3000 	C:\WINDOWS\System32\profapi.dll
0x00007fff3bf00000 - 0x00007fff3bf4a000 	C:\WINDOWS\System32\powrprof.dll
0x00007fff3bef0000 - 0x00007fff3bf00000 	C:\WINDOWS\System32\UMPDC.dll
0x00007fff3f940000 - 0x00007fff3f992000 	C:\WINDOWS\System32\shlwapi.dll
0x00007fff3bf70000 - 0x00007fff3bf81000 	C:\WINDOWS\System32\kernel.appcore.dll
0x00007fff3c8a0000 - 0x00007fff3c8b7000 	C:\WINDOWS\System32\cryptsp.dll
0x00007fff0af60000 - 0x00007fff0af7a000 	C:\Program Files\Android\Android Studio1\jre\jre\bin\net.dll
0x00007fff3b740000 - 0x00007fff3b7a7000 	C:\WINDOWS\system32\mswsock.dll
0x00007fff0af40000 - 0x00007fff0af53000 	C:\Program Files\Android\Android Studio1\jre\jre\bin\nio.dll
0x00007fff34530000 - 0x00007fff34557000 	C:\Users\htc\.gradle\native\f6784746aeab05261644944871eae4fe03e0ef1612fff0a4a95f87b438bc6780\windows-amd64\native-platform.dll
0x00007fff0ebc0000 - 0x00007fff0ebcd000 	C:\Program Files\Android\Android Studio1\jre\jre\bin\management.dll
0x00007fff3b2b0000 - 0x00007fff3b2e3000 	C:\WINDOWS\system32\rsaenh.dll
0x00007fff3c7d0000 - 0x00007fff3c7f6000 	C:\WINDOWS\System32\bcrypt.dll
0x00007fff3be10000 - 0x00007fff3be35000 	C:\WINDOWS\SYSTEM32\USERENV.dll
0x00007fff3b910000 - 0x00007fff3b91c000 	C:\WINDOWS\SYSTEM32\CRYPTBASE.dll
0x00007fff3b450000 - 0x00007fff3b48a000 	C:\WINDOWS\SYSTEM32\IPHLPAPI.DLL
0x00007fff3d100000 - 0x00007fff3d108000 	C:\WINDOWS\System32\NSI.dll
0x00007fff333e0000 - 0x00007fff333f6000 	C:\WINDOWS\SYSTEM32\dhcpcsvc6.DLL
0x00007fff33670000 - 0x00007fff3368c000 	C:\WINDOWS\SYSTEM32\dhcpcsvc.DLL
0x00007fff3b490000 - 0x00007fff3b55b000 	C:\WINDOWS\SYSTEM32\DNSAPI.dll
0x00007fff34860000 - 0x00007fff3486b000 	C:\WINDOWS\SYSTEM32\WINNSI.DLL

VM Arguments:
jvm_args: -Xmx2048m -Dfile.encoding=windows-1252 -Duser.country=US -Duser.language=en -Duser.variant 
java_command: org.gradle.launcher.daemon.bootstrap.GradleDaemon 6.5
java_class_path (initial): C:\Users\htc\.gradle\wrapper\dists\gradle-6.5-all\2oz4ud9k3tuxjg84bbf55q0tn\gradle-6.5\lib\gradle-launcher-6.5.jar
Launcher Type: SUN_STANDARD

Environment Variables:
PATH=C:\WINDOWS\system32;C:\WINDOWS;C:\WINDOWS\System32\Wbem;C:\WINDOWS\System32\WindowsPowerShell\v1.0\;C:\WINDOWS\System32\OpenSSH\;C:\Program Files\Microsoft SQL Server\130\Tools\Binn\;C:\Users\htc\AppData\Local\Microsoft\WindowsApps;C:\Users\htc\AppData\Local\Programs\Microsoft VS Code\bin
USERNAME=htc
OS=Windows_NT
PROCESSOR_IDENTIFIER=Intel64 Family 6 Model 69 Stepping 1, GenuineIntel



---------------  S Y S T E M  ---------------

OS: Windows 10.0 , 64 bit Build 18362 (10.0.18362.1110)

CPU:total 4 (initial active 4) (2 cores per cpu, 2 threads per core) family 6 model 69 stepping 1, cmov, cx8, fxsr, mmx, sse, sse2, sse3, ssse3, sse4.1, sse4.2, popcnt, avx, avx2, aes, clmul, erms, lzcnt, ht, tsc, tscinvbit, bmi1, bmi2

Memory: 4k page, physical 4097376k(152776k free), swap 16680288k(4440k free)

vm_info: OpenJDK 64-Bit Server VM (25.242-b01) for windows-amd64 JRE (1.8.0_242-release-1644-b01), built by "builder" with MS VC++ 10.0 (VS2010)

time: Sun Dec 13 13:01:29 2020
timezone: Pakistan Standard Time
elapsed time: 3 seconds (0d 0h 0m 3s)

