#
# There is insufficient memory for the Java Runtime Environment to continue.
# Native memory allocation (malloc) failed to allocate 1093616 bytes for Chunk::new
# Possible reasons:
#   The system is out of physical RAM or swap space
#   The process is running with CompressedOops enabled, and the Java Heap may be blocking the growth of the native heap
# Possible solutions:
#   Reduce memory load on the system
#   Increase physical memory or swap space
#   Check if swap backing store is full
#   Decrease Java heap size (-Xmx/-Xms)
#   Decrease number of Java threads
#   Decrease Java thread stack sizes (-Xss)
#   Set larger code cache with -XX:ReservedCodeCacheSize=
#   JVM is running with Unscaled Compressed Oops mode in which the Java heap is
#     placed in the first 4GB address space. The Java Heap base address is the
#     maximum limit for the native heap growth. Please use -XX:HeapBaseMinAddress
#     to set the Java Heap base and to place the Java Heap above 4GB virtual address.
# This output file may be truncated or incomplete.
#
#  Out of Memory Error (allocation.cpp:389), pid=4564, tid=0x0000000000001d38
#
# JRE version: OpenJDK Runtime Environment (8.0_242-b01) (build 1.8.0_242-release-1644-b01)
# Java VM: OpenJDK 64-Bit Server VM (25.242-b01 mixed mode windows-amd64 compressed oops)
# Failed to write core dump. Minidumps are not enabled by default on client versions of Windows
#

---------------  T H R E A D  ---------------

Current thread (0x0000000017fbb000):  JavaThread "C2 CompilerThread1" daemon [_thread_in_native, id=7480, stack(0x0000000019710000,0x0000000019810000)]

Stack: [0x0000000019710000,0x0000000019810000]
[error occurred during error reporting (printing stack bounds), id 0xc0000005]

Native frames: (J=compiled Java code, j=interpreted, Vv=VM code, C=native code)


Current CompileTask:
C2:   5622 1583   !   4       java.net.URLClassLoader$1::run (63 bytes)


---------------  P R O C E S S  ---------------

Java Threads: ( => current thread )
  0x000000001bbbc000 JavaThread "Cache worker for file hash cache (C:\Users\htc\.gradle\caches\6.5\fileHashes)" [_thread_blocked, id=5932, stack(0x000000001df30000,0x000000001e030000)]
  0x000000001bbbe000 JavaThread "File lock request listener" [_thread_in_native, id=12064, stack(0x000000001de30000,0x000000001df30000)]
  0x000000001bc51000 JavaThread "Cache worker for journal cache (C:\Users\htc\.gradle\caches\journal-1)" [_thread_blocked, id=6860, stack(0x000000001dd30000,0x000000001de30000)]
  0x000000001bb1e000 JavaThread "Thread-9" [_thread_blocked, id=10716, stack(0x000000001da30000,0x000000001db30000)]
  0x000000001baf6000 JavaThread "Stdin handler" [_thread_blocked, id=9808, stack(0x000000001d930000,0x000000001da30000)]
  0x000000001baf2800 JavaThread "Asynchronous log dispatcher for DefaultDaemonConnection: socket connection from /127.0.0.1:51641 to /127.0.0.1:51642" [_thread_blocked, id=11552, stack(0x000000001d830000,0x000000001d930000)]
  0x000000001bafc800 JavaThread "Daemon worker" [_thread_in_vm, id=10316, stack(0x000000001d730000,0x000000001d830000)]
  0x000000001bb4f800 JavaThread "Cancel handler" [_thread_blocked, id=11912, stack(0x000000001d630000,0x000000001d730000)]
  0x000000001bae6000 JavaThread "Handler for socket connection from /127.0.0.1:51641 to /127.0.0.1:51642" [_thread_in_native, id=11688, stack(0x000000001d530000,0x000000001d630000)]
  0x000000001badf800 JavaThread "Daemon" [_thread_blocked, id=8012, stack(0x000000001d230000,0x000000001d330000)]
  0x000000001babb000 JavaThread "Daemon periodic checks" [_thread_blocked, id=11376, stack(0x000000001d130000,0x000000001d230000)]
  0x000000001ba66000 JavaThread "Incoming local TCP Connector on port 51641" [_thread_in_native, id=7052, stack(0x000000001cef0000,0x000000001cff0000)]
  0x000000001b963800 JavaThread "Daemon health stats" [_thread_blocked, id=3652, stack(0x000000001c8b0000,0x000000001c9b0000)]
  0x0000000019938800 JavaThread "Service Thread" daemon [_thread_blocked, id=5044, stack(0x0000000019d10000,0x0000000019e10000)]
  0x0000000017fcb800 JavaThread "C1 CompilerThread2" daemon [_thread_blocked, id=9852, stack(0x0000000019810000,0x0000000019910000)]
=>0x0000000017fbb000 JavaThread "C2 CompilerThread1" daemon [_thread_in_native, id=7480, stack(0x0000000019710000,0x0000000019810000)]
  0x0000000017fb3800 JavaThread "C2 CompilerThread0" daemon [_thread_in_native, id=11588, stack(0x0000000019610000,0x0000000019710000)]
  0x0000000017fb2800 JavaThread "Attach Listener" daemon [_thread_blocked, id=9708, stack(0x0000000019510000,0x0000000019610000)]
  0x0000000017fb1800 JavaThread "Signal Dispatcher" daemon [_thread_blocked, id=6780, stack(0x0000000019410000,0x0000000019510000)]
  0x000000000338c800 JavaThread "Finalizer" daemon [_thread_blocked, id=3564, stack(0x0000000019210000,0x0000000019310000)]
  0x0000000017f99000 JavaThread "Reference Handler" daemon [_thread_blocked, id=4392, stack(0x0000000019110000,0x0000000019210000)]
  0x000000000194d800 JavaThread "main" [_thread_blocked, id=11768, stack(0x0000000003120000,0x0000000003220000)]

Other Threads:
  0x0000000017f76000 VMThread [stack: 0x0000000019010000,0x0000000019110000] [id=8228]
  0x0000000019941000 WatcherThread [stack: 0x0000000019e10000,0x0000000019f10000] [id=6872]

VM state:not at safepoint (normal execution)

VM Mutex/Monitor currently owned by a thread: None

heap address: 0x0000000080000000, size: 2048 MB, Compressed Oops mode: 32-bit
Narrow klass base: 0x0000000000000000, Narrow klass shift: 3
Compressed class space size: 1073741824 Address: 0x0000000100000000

Heap:
 PSYoungGen      total 35840K, used 16720K [0x00000000d5580000, 0x00000000d7d80000, 0x0000000100000000)
  eden space 30720K, 41% used [0x00000000d5580000,0x00000000d61f5f20,0x00000000d7380000)
  from space 5120K, 77% used [0x00000000d7880000,0x00000000d7c5e140,0x00000000d7d80000)
  to   space 5120K, 0% used [0x00000000d7380000,0x00000000d7380000,0x00000000d7880000)
 ParOldGen       total 44032K, used 5187K [0x0000000080000000, 0x0000000082b00000, 0x00000000d5580000)
  object space 44032K, 11% used [0x0000000080000000,0x0000000080510c48,0x0000000082b00000)
 Metaspace       used 16570K, capacity 17180K, committed 17280K, reserved 1064960K
  class space    used 2210K, capacity 2400K, committed 2432K, reserved 1048576K

Card table byte_map: [0x0000000012750000,0x0000000012b60000] byte_map_base: 0x0000000012350000

Marking Bits: (ParMarkBitMap*) 0x00000000744ef030
 Begin Bits: [0x0000000013210000, 0x0000000015210000)
 End Bits:   [0x0000000015210000, 0x0000000017210000)

Polling page: 0x00000000018a0000

CodeCache: size=245760Kb used=5560Kb max_used=5560Kb free=240199Kb
 bounds [0x0000000003390000, 0x0000000003910000, 0x0000000012390000]
 total_blobs=1980 nmethods=1581 adapters=312
 compilation: enabled

Compilation events (10 events):
Event: 5.323 Thread 0x0000000017fcb800 nmethod 1579 0x00000000038eb650 code [0x00000000038eb7c0, 0x00000000038eb928]
Event: 5.323 Thread 0x0000000017fcb800 1580       3       org.gradle.internal.service.DefaultServiceRegistry$OwnServices$ProviderAnalyser::addProviderForClassHierarchy (16 bytes)
Event: 5.324 Thread 0x0000000017fcb800 nmethod 1580 0x00000000038eb190 code [0x00000000038eb300, 0x00000000038eb558]
Event: 5.332 Thread 0x0000000017fcb800 1581       3       org.gradle.internal.service.DefaultServiceRegistry$OwnServices::getProviders (26 bytes)
Event: 5.333 Thread 0x0000000017fcb800 nmethod 1581 0x00000000038eab10 code [0x00000000038eaca0, 0x00000000038eb068]
Event: 5.432 Thread 0x0000000017fbb000 1583   !   4       java.net.URLClassLoader$1::run (63 bytes)
Event: 5.561 Thread 0x0000000017fcb800 1584   !   3       org.gradle.internal.classloader.TransformingClassLoader::findClass (203 bytes)
Event: 5.565 Thread 0x0000000017fcb800 nmethod 1584 0x00000000038fc550 code [0x00000000038fca00, 0x00000000038ff7b8]
Event: 5.567 Thread 0x0000000017fcb800 1585       3       org.gradle.initialization.MixInLegacyTypesClassLoader::shouldTransform (42 bytes)
Event: 5.567 Thread 0x0000000017fcb800 nmethod 1585 0x00000000038f9e50 code [0x00000000038f9fe0, 0x00000000038fa438]

GC Heap History (10 events):
Event: 2.823 GC heap before
{Heap before GC invocations=4 (full 0):
 PSYoungGen      total 18944K, used 18576K [0x00000000d5580000, 0x00000000d6a80000, 0x0000000100000000)
  eden space 16384K, 100% used [0x00000000d5580000,0x00000000d6580000,0x00000000d6580000)
  from space 2560K, 85% used [0x00000000d6580000,0x00000000d67a4010,0x00000000d6800000)
  to   space 2560K, 0% used [0x00000000d6800000,0x00000000d6800000,0x00000000d6a80000)
 ParOldGen       total 44032K, used 953K [0x0000000080000000, 0x0000000082b00000, 0x00000000d5580000)
  object space 44032K, 2% used [0x0000000080000000,0x00000000800ee638,0x0000000082b00000)
 Metaspace       used 7477K, capacity 7766K, committed 7936K, reserved 1056768K
  class space    used 917K, capacity 1013K, committed 1024K, reserved 1048576K
Event: 2.826 GC heap after
Heap after GC invocations=4 (full 0):
 PSYoungGen      total 18944K, used 2528K [0x00000000d5580000, 0x00000000d6a80000, 0x0000000100000000)
  eden space 16384K, 0% used [0x00000000d5580000,0x00000000d5580000,0x00000000d6580000)
  from space 2560K, 98% used [0x00000000d6800000,0x00000000d6a78020,0x00000000d6a80000)
  to   space 2560K, 0% used [0x00000000d6580000,0x00000000d6580000,0x00000000d6800000)
 ParOldGen       total 44032K, used 1514K [0x0000000080000000, 0x0000000082b00000, 0x00000000d5580000)
  object space 44032K, 3% used [0x0000000080000000,0x000000008017a868,0x0000000082b00000)
 Metaspace       used 7477K, capacity 7766K, committed 7936K, reserved 1056768K
  class space    used 917K, capacity 1013K, committed 1024K, reserved 1048576K
}
Event: 3.048 GC heap before
{Heap before GC invocations=5 (full 0):
 PSYoungGen      total 18944K, used 18912K [0x00000000d5580000, 0x00000000d6a80000, 0x0000000100000000)
  eden space 16384K, 100% used [0x00000000d5580000,0x00000000d6580000,0x00000000d6580000)
  from space 2560K, 98% used [0x00000000d6800000,0x00000000d6a78020,0x00000000d6a80000)
  to   space 2560K, 0% used [0x00000000d6580000,0x00000000d6580000,0x00000000d6800000)
 ParOldGen       total 44032K, used 1514K [0x0000000080000000, 0x0000000082b00000, 0x00000000d5580000)
  object space 44032K, 3% used [0x0000000080000000,0x000000008017a868,0x0000000082b00000)
 Metaspace       used 8918K, capacity 9206K, committed 9472K, reserved 1056768K
  class space    used 1140K, capacity 1237K, committed 1280K, reserved 1048576K
Event: 3.052 GC heap after
Heap after GC invocations=5 (full 0):
 PSYoungGen      total 18944K, used 2544K [0x00000000d5580000, 0x00000000d6e80000, 0x0000000100000000)
  eden space 16384K, 0% used [0x00000000d5580000,0x00000000d5580000,0x00000000d6580000)
  from space 2560K, 99% used [0x00000000d6580000,0x00000000d67fc010,0x00000000d6800000)
  to   space 4608K, 0% used [0x00000000d6a00000,0x00000000d6a00000,0x00000000d6e80000)
 ParOldGen       total 44032K, used 2971K [0x0000000080000000, 0x0000000082b00000, 0x00000000d5580000)
  object space 44032K, 6% used [0x0000000080000000,0x00000000802e6e58,0x0000000082b00000)
 Metaspace       used 8918K, capacity 9206K, committed 9472K, reserved 1056768K
  class space    used 1140K, capacity 1237K, committed 1280K, reserved 1048576K
}
Event: 4.299 GC heap before
{Heap before GC invocations=6 (full 0):
 PSYoungGen      total 18944K, used 18928K [0x00000000d5580000, 0x00000000d6e80000, 0x0000000100000000)
  eden space 16384K, 100% used [0x00000000d5580000,0x00000000d6580000,0x00000000d6580000)
  from space 2560K, 99% used [0x00000000d6580000,0x00000000d67fc010,0x00000000d6800000)
  to   space 4608K, 0% used [0x00000000d6a00000,0x00000000d6a00000,0x00000000d6e80000)
 ParOldGen       total 44032K, used 2971K [0x0000000080000000, 0x0000000082b00000, 0x00000000d5580000)
  object space 44032K, 6% used [0x0000000080000000,0x00000000802e6e58,0x0000000082b00000)
 Metaspace       used 12268K, capacity 12604K, committed 12800K, reserved 1060864K
  class space    used 1639K, capacity 1758K, committed 1792K, reserved 1048576K
Event: 4.312 GC heap after
Heap after GC invocations=6 (full 0):
 PSYoungGen      total 19968K, used 4608K [0x00000000d5580000, 0x00000000d7080000, 0x0000000100000000)
  eden space 15360K, 0% used [0x00000000d5580000,0x00000000d5580000,0x00000000d6480000)
  from space 4608K, 100% used [0x00000000d6a00000,0x00000000d6e80000,0x00000000d6e80000)
  to   space 5632K, 0% used [0x00000000d6480000,0x00000000d6480000,0x00000000d6a00000)
 ParOldGen       total 44032K, used 3126K [0x0000000080000000, 0x0000000082b00000, 0x00000000d5580000)
  object space 44032K, 7% used [0x0000000080000000,0x000000008030dbe8,0x0000000082b00000)
 Metaspace       used 12268K, capacity 12604K, committed 12800K, reserved 1060864K
  class space    used 1639K, capacity 1758K, committed 1792K, reserved 1048576K
}
Event: 4.840 GC heap before
{Heap before GC invocations=7 (full 0):
 PSYoungGen      total 19968K, used 19968K [0x00000000d5580000, 0x00000000d7080000, 0x0000000100000000)
  eden space 15360K, 100% used [0x00000000d5580000,0x00000000d6480000,0x00000000d6480000)
  from space 4608K, 100% used [0x00000000d6a00000,0x00000000d6e80000,0x00000000d6e80000)
  to   space 5632K, 0% used [0x00000000d6480000,0x00000000d6480000,0x00000000d6a00000)
 ParOldGen       total 44032K, used 3126K [0x0000000080000000, 0x0000000082b00000, 0x00000000d5580000)
  object space 44032K, 7% used [0x0000000080000000,0x000000008030dbe8,0x0000000082b00000)
 Metaspace       used 13109K, capacity 13474K, committed 13696K, reserved 1060864K
  class space    used 1799K, capacity 1915K, committed 1920K, reserved 1048576K
Event: 4.847 GC heap after
Heap after GC invocations=7 (full 0):
 PSYoungGen      total 20992K, used 3229K [0x00000000d5580000, 0x00000000d7d80000, 0x0000000100000000)
  eden space 15360K, 0% used [0x00000000d5580000,0x00000000d5580000,0x00000000d6480000)
  from space 5632K, 57% used [0x00000000d6480000,0x00000000d67a75d0,0x00000000d6a00000)
  to   space 5120K, 0% used [0x00000000d7880000,0x00000000d7880000,0x00000000d7d80000)
 ParOldGen       total 44032K, used 4611K [0x0000000080000000, 0x0000000082b00000, 0x00000000d5580000)
  object space 44032K, 10% used [0x0000000080000000,0x0000000080480c48,0x0000000082b00000)
 Metaspace       used 13109K, capacity 13474K, committed 13696K, reserved 1060864K
  class space    used 1799K, capacity 1915K, committed 1920K, reserved 1048576K
}
Event: 5.083 GC heap before
{Heap before GC invocations=8 (full 0):
 PSYoungGen      total 20992K, used 18589K [0x00000000d5580000, 0x00000000d7d80000, 0x0000000100000000)
  eden space 15360K, 100% used [0x00000000d5580000,0x00000000d6480000,0x00000000d6480000)
  from space 5632K, 57% used [0x00000000d6480000,0x00000000d67a75d0,0x00000000d6a00000)
  to   space 5120K, 0% used [0x00000000d7880000,0x00000000d7880000,0x00000000d7d80000)
 ParOldGen       total 44032K, used 4611K [0x0000000080000000, 0x0000000082b00000, 0x00000000d5580000)
  object space 44032K, 10% used [0x0000000080000000,0x0000000080480c48,0x0000000082b00000)
 Metaspace       used 15145K, capacity 15606K, committed 15744K, reserved 1062912K
  class space    used 1996K, capacity 2153K, committed 2176K, reserved 1048576K
Event: 5.092 GC heap after
Heap after GC invocations=8 (full 0):
 PSYoungGen      total 35840K, used 3960K [0x00000000d5580000, 0x00000000d7d80000, 0x0000000100000000)
  eden space 30720K, 0% used [0x00000000d5580000,0x00000000d5580000,0x00000000d7380000)
  from space 5120K, 77% used [0x00000000d7880000,0x00000000d7c5e140,0x00000000d7d80000)
  to   space 5120K, 0% used [0x00000000d7380000,0x00000000d7380000,0x00000000d7880000)
 ParOldGen       total 44032K, used 5187K [0x0000000080000000, 0x0000000082b00000, 0x00000000d5580000)
  object space 44032K, 11% used [0x0000000080000000,0x0000000080510c48,0x0000000082b00000)
 Metaspace       used 15145K, capacity 15606K, committed 15744K, reserved 1062912K
  class space    used 1996K, capacity 2153K, committed 2176K, reserved 1048576K
}

Deoptimization events (10 events):
Event: 4.272 Thread 0x000000001bafc800 Uncommon trap: reason=bimorphic action=maybe_recompile pc=0x00000000036932d8 method=java.util.HashMap.putVal(ILjava/lang/Object;Ljava/lang/Object;ZZ)Ljava/lang/Object; @ 253
Event: 4.272 Thread 0x000000001bafc800 Uncommon trap: reason=bimorphic action=maybe_recompile pc=0x00000000036932d8 method=java.util.HashMap.putVal(ILjava/lang/Object;Ljava/lang/Object;ZZ)Ljava/lang/Object; @ 253
Event: 4.272 Thread 0x000000001bafc800 Uncommon trap: reason=bimorphic action=maybe_recompile pc=0x00000000036932d8 method=java.util.HashMap.putVal(ILjava/lang/Object;Ljava/lang/Object;ZZ)Ljava/lang/Object; @ 253
Event: 4.272 Thread 0x000000001bafc800 Uncommon trap: reason=bimorphic action=maybe_recompile pc=0x000000000369dfa8 method=java.util.HashMap.putVal(ILjava/lang/Object;Ljava/lang/Object;ZZ)Ljava/lang/Object; @ 253
Event: 4.959 Thread 0x000000001bafc800 Uncommon trap: reason=class_check action=maybe_recompile pc=0x00000000036ccf98 method=java.util.regex.Matcher.match(II)Z @ 86
Event: 4.985 Thread 0x000000001bafc800 Uncommon trap: reason=class_check action=maybe_recompile pc=0x00000000036ccf98 method=java.util.regex.Matcher.match(II)Z @ 86
Event: 4.985 Thread 0x000000001bafc800 Uncommon trap: reason=class_check action=maybe_recompile pc=0x00000000036ccf98 method=java.util.regex.Matcher.match(II)Z @ 86
Event: 4.985 Thread 0x000000001bafc800 Uncommon trap: reason=class_check action=maybe_recompile pc=0x000000000355eccc method=java.util.regex.Matcher.match(II)Z @ 86
Event: 5.133 Thread 0x000000001bafc800 Uncommon trap: reason=unstable_if action=reinterpret pc=0x00000000036c549c method=java.io.File.getName()Ljava/lang/String; @ 16
Event: 5.133 Thread 0x000000001bafc800 Uncommon trap: reason=unstable_if action=reinterpret pc=0x00000000036c4454 method=java.lang.String.substring(I)Ljava/lang/String; @ 35

Classes redefined (0 events):
No events

Internal exceptions (10 events):
Event: 4.135 Thread 0x000000001bae6000 Exception <a 'java/lang/NoSuchMethodError': <clinit>> (0x00000000d6285698) thrown at [C:\src\AOSP-openjdk-git\hotspot\src\share\vm\prims\jni.cpp, line 1615]
Event: 4.137 Thread 0x000000001bae6000 Exception <a 'java/lang/NoSuchMethodError': <clinit>> (0x00000000d628edb8) thrown at [C:\src\AOSP-openjdk-git\hotspot\src\share\vm\prims\jni.cpp, line 1615]
Event: 4.141 Thread 0x000000001bae6000 Exception <a 'java/lang/NoSuchMethodError': <clinit>> (0x00000000d62a3370) thrown at [C:\src\AOSP-openjdk-git\hotspot\src\share\vm\prims\jni.cpp, line 1615]
Event: 4.158 Thread 0x000000001bae6000 Exception <a 'java/lang/NoSuchMethodError': <clinit>> (0x00000000d6310270) thrown at [C:\src\AOSP-openjdk-git\hotspot\src\share\vm\prims\jni.cpp, line 1615]
Event: 4.170 Thread 0x000000001bae6000 Exception <a 'java/lang/NoSuchMethodError': <clinit>> (0x00000000d634a780) thrown at [C:\src\AOSP-openjdk-git\hotspot\src\share\vm\prims\jni.cpp, line 1615]
Event: 4.179 Thread 0x000000001bae6000 Exception <a 'java/lang/NoSuchMethodError': <clinit>> (0x00000000d637fed8) thrown at [C:\src\AOSP-openjdk-git\hotspot\src\share\vm\prims\jni.cpp, line 1615]
Event: 4.181 Thread 0x000000001bae6000 Exception <a 'java/lang/NoSuchMethodError': <clinit>> (0x00000000d638c430) thrown at [C:\src\AOSP-openjdk-git\hotspot\src\share\vm\prims\jni.cpp, line 1615]
Event: 5.212 Thread 0x000000001bafc800 Exception <a 'java/lang/NoSuchMethodError': java.lang.Object.lambda$and$0(Ljava/util/function/Predicate;Ljava/lang/Object;)Z> (0x00000000d58e3ab8) thrown at [C:\src\AOSP-openjdk-git\hotspot\src\share\vm\interpreter\linkResolver.cpp, line 620]
Event: 5.239 Thread 0x000000001bafc800 Exception <a 'java/lang/IncompatibleClassChangeError': Found class java.lang.Object, but interface was expected> (0x00000000d58f3db0) thrown at [C:\src\AOSP-openjdk-git\hotspot\src\share\vm\interpreter\linkResolver.cpp, line 653]
Event: 5.243 Thread 0x000000001bafc800 Exception <a 'java/lang/NoSuchMethodError': java.lang.Object.lambda$or$2(Ljava/util/function/Predicate;Ljava/lang/Object;)Z> (0x00000000d58f8900) thrown at [C:\src\AOSP-openjdk-git\hotspot\src\share\vm\interpreter\linkResolver.cpp, line 620]

Events (10 events):
Event: 5.593 loading class org/gradle/internal/resolve/resolver/ComponentMetaDataResolver
Event: 5.593 loading class org/gradle/internal/resolve/resolver/ComponentMetaDataResolver done
Event: 5.599 loading class org/gradle/internal/resolve/resolver/DependencyToComponentIdResolver
Event: 5.599 loading class org/gradle/internal/resolve/resolver/DependencyToComponentIdResolver done
Event: 5.608 loading class org/gradle/internal/resolve/resolver/ArtifactResolver
Event: 5.608 loading class org/gradle/internal/resolve/resolver/ArtifactResolver done
Event: 5.610 loading class org/gradle/internal/resolve/resolver/OriginArtifactSelector
Event: 5.610 loading class org/gradle/internal/resolve/resolver/OriginArtifactSelector done
Event: 5.614 loading class org/gradle/api/internal/artifacts/ivyservice/ivyresolve/ComponentResolvers
Event: 5.614 loading class org/gradle/api/internal/artifacts/ivyservice/ivyresolve/ComponentResolvers done


Dynamic libraries:
0x00007ff6b9e30000 - 0x00007ff6b9e61000 	C:\Program Files\Android\Android Studio1\jre\bin\java.exe
0x00007fff3f9e0000 - 0x00007fff3fbd0000 	C:\WINDOWS\SYSTEM32\ntdll.dll
0x00007fff3d520000 - 0x00007fff3d5d2000 	C:\WINDOWS\System32\KERNEL32.DLL
0x00007fff3bfc0000 - 0x00007fff3c265000 	C:\WINDOWS\System32\KERNELBASE.dll
0x00007fff3ecf0000 - 0x00007fff3ed93000 	C:\WINDOWS\System32\ADVAPI32.dll
0x00007fff3d110000 - 0x00007fff3d1ae000 	C:\WINDOWS\System32\msvcrt.dll
0x00007fff3f8a0000 - 0x00007fff3f937000 	C:\WINDOWS\System32\sechost.dll
0x00007fff3eda0000 - 0x00007fff3eec0000 	C:\WINDOWS\System32\RPCRT4.dll
0x00007fff3dcf0000 - 0x00007fff3de84000 	C:\WINDOWS\System32\USER32.dll
0x00007fff3c6a0000 - 0x00007fff3c6c1000 	C:\WINDOWS\System32\win32u.dll
0x00007fff3d270000 - 0x00007fff3d296000 	C:\WINDOWS\System32\GDI32.dll
0x00007fff3c500000 - 0x00007fff3c696000 	C:\WINDOWS\System32\gdi32full.dll
0x00007fff3c800000 - 0x00007fff3c89e000 	C:\WINDOWS\System32\msvcp_win.dll
0x00007fff3c6d0000 - 0x00007fff3c7ca000 	C:\WINDOWS\System32\ucrtbase.dll
0x00007fff29770000 - 0x00007fff299f4000 	C:\WINDOWS\WinSxS\amd64_microsoft.windows.common-controls_6595b64144ccf1df_6.0.18362.1256_none_9e7e379be45e40e2\COMCTL32.dll
0x00007fff3f2b0000 - 0x00007fff3f5e6000 	C:\WINDOWS\System32\combase.dll
0x00007fff3c2d0000 - 0x00007fff3c351000 	C:\WINDOWS\System32\bcryptPrimitives.dll
0x00007fff3eba0000 - 0x00007fff3ebce000 	C:\WINDOWS\System32\IMM32.DLL
0x00000000732f0000 - 0x00000000733c2000 	C:\Program Files\Android\Android Studio1\jre\jre\bin\msvcr100.dll
0x0000000073d20000 - 0x000000007456b000 	C:\Program Files\Android\Android Studio1\jre\jre\bin\server\jvm.dll
0x00007fff3d1b0000 - 0x00007fff3d1b8000 	C:\WINDOWS\System32\PSAPI.DLL
0x00007fff11840000 - 0x00007fff11849000 	C:\WINDOWS\SYSTEM32\WSOCK32.dll
0x00007fff2dee0000 - 0x00007fff2deea000 	C:\WINDOWS\SYSTEM32\VERSION.dll
0x00007fff3f240000 - 0x00007fff3f2af000 	C:\WINDOWS\System32\WS2_32.dll
0x00007fff38a10000 - 0x00007fff38a34000 	C:\WINDOWS\SYSTEM32\WINMM.dll
0x00007fff389e0000 - 0x00007fff38a0d000 	C:\WINDOWS\SYSTEM32\WINMMBASE.dll
0x00007fff3c4b0000 - 0x00007fff3c4fa000 	C:\WINDOWS\System32\cfgmgr32.dll
0x00007fff10c10000 - 0x00007fff10c1f000 	C:\Program Files\Android\Android Studio1\jre\jre\bin\verify.dll
0x00007fff0af80000 - 0x00007fff0afa9000 	C:\Program Files\Android\Android Studio1\jre\jre\bin\java.dll
0x00007fff0e0a0000 - 0x00007fff0e0b6000 	C:\Program Files\Android\Android Studio1\jre\jre\bin\zip.dll
0x00007fff3e4b0000 - 0x00007fff3eb97000 	C:\WINDOWS\System32\SHELL32.dll
0x00007fff3ebe0000 - 0x00007fff3ec89000 	C:\WINDOWS\System32\shcore.dll
0x00007fff3c8c0000 - 0x00007fff3d041000 	C:\WINDOWS\System32\windows.storage.dll
0x00007fff3bf90000 - 0x00007fff3bfb3000 	C:\WINDOWS\System32\profapi.dll
0x00007fff3bf00000 - 0x00007fff3bf4a000 	C:\WINDOWS\System32\powrprof.dll
0x00007fff3bef0000 - 0x00007fff3bf00000 	C:\WINDOWS\System32\UMPDC.dll
0x00007fff3f940000 - 0x00007fff3f992000 	C:\WINDOWS\System32\shlwapi.dll
0x00007fff3bf70000 - 0x00007fff3bf81000 	C:\WINDOWS\System32\kernel.appcore.dll
0x00007fff3c8a0000 - 0x00007fff3c8b7000 	C:\WINDOWS\System32\cryptsp.dll
0x00007fff0af60000 - 0x00007fff0af7a000 	C:\Program Files\Android\Android Studio1\jre\jre\bin\net.dll
0x00007fff3b740000 - 0x00007fff3b7a7000 	C:\WINDOWS\system32\mswsock.dll
0x00007fff0af40000 - 0x00007fff0af53000 	C:\Program Files\Android\Android Studio1\jre\jre\bin\nio.dll
0x00007fff34530000 - 0x00007fff34557000 	C:\Users\htc\.gradle\native\f6784746aeab05261644944871eae4fe03e0ef1612fff0a4a95f87b438bc6780\windows-amd64\native-platform.dll
0x00007fff0ebc0000 - 0x00007fff0ebcd000 	C:\Program Files\Android\Android Studio1\jre\jre\bin\management.dll
0x00007fff3b2b0000 - 0x00007fff3b2e3000 	C:\WINDOWS\system32\rsaenh.dll
0x00007fff3c7d0000 - 0x00007fff3c7f6000 	C:\WINDOWS\System32\bcrypt.dll
0x00007fff3be10000 - 0x00007fff3be35000 	C:\WINDOWS\SYSTEM32\USERENV.dll
0x00007fff3b910000 - 0x00007fff3b91c000 	C:\WINDOWS\SYSTEM32\CRYPTBASE.dll
0x00007fff3b450000 - 0x00007fff3b48a000 	C:\WINDOWS\SYSTEM32\IPHLPAPI.DLL
0x00007fff3d100000 - 0x00007fff3d108000 	C:\WINDOWS\System32\NSI.dll
0x00007fff333e0000 - 0x00007fff333f6000 	C:\WINDOWS\SYSTEM32\dhcpcsvc6.DLL
0x00007fff33670000 - 0x00007fff3368c000 	C:\WINDOWS\SYSTEM32\dhcpcsvc.DLL
0x00007fff3b490000 - 0x00007fff3b55b000 	C:\WINDOWS\SYSTEM32\DNSAPI.dll
0x00007fff34860000 - 0x00007fff3486b000 	C:\WINDOWS\SYSTEM32\WINNSI.DLL

VM Arguments:
jvm_args: -Xmx2048m -Dfile.encoding=windows-1252 -Duser.country=US -Duser.language=en -Duser.variant 
java_command: org.gradle.launcher.daemon.bootstrap.GradleDaemon 6.5
java_class_path (initial): C:\Users\htc\.gradle\wrapper\dists\gradle-6.5-all\2oz4ud9k3tuxjg84bbf55q0tn\gradle-6.5\lib\gradle-launcher-6.5.jar
Launcher Type: SUN_STANDARD

Environment Variables:
PATH=C:\WINDOWS\system32;C:\WINDOWS;C:\WINDOWS\System32\Wbem;C:\WINDOWS\System32\WindowsPowerShell\v1.0\;C:\WINDOWS\System32\OpenSSH\;C:\Program Files\Microsoft SQL Server\130\Tools\Binn\;C:\Users\htc\AppData\Local\Microsoft\WindowsApps;C:\Users\htc\AppData\Local\Programs\Microsoft VS Code\bin
USERNAME=htc
OS=Windows_NT
PROCESSOR_IDENTIFIER=Intel64 Family 6 Model 69 Stepping 1, GenuineIntel



---------------  S Y S T E M  ---------------

OS: Windows 10.0 , 64 bit Build 18362 (10.0.18362.1110)

CPU:total 4 (initial active 4) (2 cores per cpu, 2 threads per core) family 6 model 69 stepping 1, cmov, cx8, fxsr, mmx, sse, sse2, sse3, ssse3, sse4.1, sse4.2, popcnt, avx, avx2, aes, clmul, erms, lzcnt, ht, tsc, tscinvbit, bmi1, bmi2

Memory: 4k page, physical 4097376k(199328k free), swap 16680288k(6044k free)

vm_info: OpenJDK 64-Bit Server VM (25.242-b01) for windows-amd64 JRE (1.8.0_242-release-1644-b01), built by "builder" with MS VC++ 10.0 (VS2010)

time: Sun Dec 13 13:01:55 2020
timezone: Pakistan Standard Time
elapsed time: 5 seconds (0d 0h 0m 5s)

