#
# There is insufficient memory for the Java Runtime Environment to continue.
# Native memory allocation (malloc) failed to allocate 771456 bytes for Chunk::new
# Possible reasons:
#   The system is out of physical RAM or swap space
#   The process is running with CompressedOops enabled, and the Java Heap may be blocking the growth of the native heap
# Possible solutions:
#   Reduce memory load on the system
#   Increase physical memory or swap space
#   Check if swap backing store is full
#   Decrease Java heap size (-Xmx/-Xms)
#   Decrease number of Java threads
#   Decrease Java thread stack sizes (-Xss)
#   Set larger code cache with -XX:ReservedCodeCacheSize=
#   JVM is running with Unscaled Compressed Oops mode in which the Java heap is
#     placed in the first 4GB address space. The Java Heap base address is the
#     maximum limit for the native heap growth. Please use -XX:HeapBaseMinAddress
#     to set the Java Heap base and to place the Java Heap above 4GB virtual address.
# This output file may be truncated or incomplete.
#
#  Out of Memory Error (allocation.cpp:389), pid=10508, tid=0x0000000000000cb8
#
# JRE version: OpenJDK Runtime Environment (8.0_242-b01) (build 1.8.0_242-release-1644-b01)
# Java VM: OpenJDK 64-Bit Server VM (25.242-b01 mixed mode windows-amd64 compressed oops)
# Failed to write core dump. Minidumps are not enabled by default on client versions of Windows
#

---------------  T H R E A D  ---------------

Current thread (0x0000000017402000):  JavaThread "C2 CompilerThread0" daemon [_thread_in_native, id=3256, stack(0x0000000018a60000,0x0000000018b60000)]

Stack: [0x0000000018a60000,0x0000000018b60000]
[error occurred during error reporting (printing stack bounds), id 0xc0000005]

Native frames: (J=compiled Java code, j=interpreted, Vv=VM code, C=native code)


Current CompileTask:
C2:   6343 1548       4       java.net.URLClassLoader$1::run (5 bytes)


---------------  P R O C E S S  ---------------

Java Threads: ( => current thread )
  0x000000001a075800 JavaThread "Cache worker for file hash cache (C:\Users\htc\.gradle\caches\6.5\fileHashes)" [_thread_blocked, id=2428, stack(0x000000001d380000,0x000000001d480000)]
  0x000000001a070000 JavaThread "File lock request listener" [_thread_in_native, id=8632, stack(0x000000001d280000,0x000000001d380000)]
  0x000000001a074800 JavaThread "Cache worker for journal cache (C:\Users\htc\.gradle\caches\journal-1)" [_thread_blocked, id=11860, stack(0x000000001d180000,0x000000001d280000)]
  0x000000001a4ac000 JavaThread "Thread-9" [_thread_blocked, id=10384, stack(0x000000001ce80000,0x000000001cf80000)]
  0x000000001a19e800 JavaThread "Stdin handler" [_thread_blocked, id=8416, stack(0x000000001cd80000,0x000000001ce80000)]
  0x000000001a19d800 JavaThread "Asynchronous log dispatcher for DefaultDaemonConnection: socket connection from /127.0.0.1:51649 to /127.0.0.1:51651" [_thread_blocked, id=1820, stack(0x000000001cc80000,0x000000001cd80000)]
  0x000000001ae8c800 JavaThread "Daemon worker" [_thread_in_vm, id=11752, stack(0x000000001cb80000,0x000000001cc80000)]
  0x000000001ae61000 JavaThread "Cancel handler" [_thread_blocked, id=8404, stack(0x000000001ca80000,0x000000001cb80000)]
  0x000000001ab2c000 JavaThread "Handler for socket connection from /127.0.0.1:51649 to /127.0.0.1:51651" [_thread_in_native, id=1920, stack(0x000000001c980000,0x000000001ca80000)]
  0x000000001ab29000 JavaThread "Daemon" [_thread_blocked, id=11696, stack(0x000000001c880000,0x000000001c980000)]
  0x000000001add2000 JavaThread "Daemon periodic checks" [_thread_blocked, id=12132, stack(0x000000001c580000,0x000000001c680000)]
  0x000000001adcf800 JavaThread "Incoming local TCP Connector on port 51649" [_thread_in_native, id=1292, stack(0x000000001c340000,0x000000001c440000)]
  0x000000001ad4c000 JavaThread "Daemon health stats" [_thread_blocked, id=12168, stack(0x000000001bd00000,0x000000001be00000)]
  0x000000001745d800 JavaThread "Service Thread" daemon [_thread_blocked, id=6844, stack(0x0000000019160000,0x0000000019260000)]
  0x0000000017412000 JavaThread "C1 CompilerThread2" daemon [_thread_blocked, id=7688, stack(0x0000000018c60000,0x0000000018d60000)]
  0x000000001740a800 JavaThread "C2 CompilerThread1" daemon [_thread_in_native, id=12256, stack(0x0000000018b60000,0x0000000018c60000)]
=>0x0000000017402000 JavaThread "C2 CompilerThread0" daemon [_thread_in_native, id=3256, stack(0x0000000018a60000,0x0000000018b60000)]
  0x0000000017406000 JavaThread "Attach Listener" daemon [_thread_blocked, id=6676, stack(0x0000000018960000,0x0000000018a60000)]
  0x0000000017404800 JavaThread "Signal Dispatcher" daemon [_thread_blocked, id=2768, stack(0x0000000018860000,0x0000000018960000)]
  0x00000000027db000 JavaThread "Finalizer" daemon [_thread_blocked, id=4152, stack(0x0000000018660000,0x0000000018760000)]
  0x00000000173e9000 JavaThread "Reference Handler" daemon [_thread_blocked, id=11992, stack(0x0000000018560000,0x0000000018660000)]
  0x0000000000d7d800 JavaThread "main" [_thread_blocked, id=10808, stack(0x00000000025e0000,0x00000000026e0000)]

Other Threads:
  0x00000000173c6000 VMThread [stack: 0x0000000018460000,0x0000000018560000] [id=11568]
  0x000000001745e800 WatcherThread [stack: 0x0000000019260000,0x0000000019360000] [id=9076]

VM state:not at safepoint (normal execution)

VM Mutex/Monitor currently owned by a thread: None

heap address: 0x0000000080000000, size: 2048 MB, Compressed Oops mode: 32-bit
Narrow klass base: 0x0000000000000000, Narrow klass shift: 3
Compressed class space size: 1073741824 Address: 0x0000000100000000

Heap:
 PSYoungGen      total 68096K, used 49930K [0x00000000d5580000, 0x00000000d9a80000, 0x0000000100000000)
  eden space 65536K, 72% used [0x00000000d5580000,0x00000000d83c2890,0x00000000d9580000)
  from space 2560K, 100% used [0x00000000d9800000,0x00000000d9a80000,0x00000000d9a80000)
  to   space 2560K, 0% used [0x00000000d9580000,0x00000000d9580000,0x00000000d9800000)
 ParOldGen       total 44032K, used 5120K [0x0000000080000000, 0x0000000082b00000, 0x00000000d5580000)
  object space 44032K, 11% used [0x0000000080000000,0x00000000805000b0,0x0000000082b00000)
 Metaspace       used 16672K, capacity 17244K, committed 17280K, reserved 1064960K
  class space    used 2227K, capacity 2400K, committed 2432K, reserved 1048576K

Card table byte_map: [0x0000000011ba0000,0x0000000011fb0000] byte_map_base: 0x00000000117a0000

Marking Bits: (ParMarkBitMap*) 0x00000000744ef030
 Begin Bits: [0x0000000012660000, 0x0000000014660000)
 End Bits:   [0x0000000014660000, 0x0000000016660000)

Polling page: 0x00000000008f0000

CodeCache: size=245760Kb used=5470Kb max_used=5470Kb free=240289Kb
 bounds [0x00000000027e0000, 0x0000000002d40000, 0x00000000117e0000]
 total_blobs=1962 nmethods=1563 adapters=312
 compilation: enabled

Compilation events (10 events):
Event: 6.336 Thread 0x0000000017412000 1561       3       java.lang.reflect.Executable::getGenericParameterTypes (20 bytes)
Event: 6.336 Thread 0x0000000017412000 nmethod 1561 0x0000000002d34810 code [0x0000000002d349a0, 0x0000000002d34e18]
Event: 6.336 Thread 0x0000000017412000 1562       3       org.gradle.internal.service.DefaultServiceMethodFactory::toServiceMethod (11 bytes)
Event: 6.336 Thread 0x0000000017412000 nmethod 1562 0x0000000002d34f10 code [0x0000000002d35080, 0x0000000002d352a8]
Event: 6.337 Thread 0x0000000017412000 1563   !   3       org.gradle.internal.service.MethodHandleBasedServiceMethodFactory::toServiceMethod (51 bytes)
Event: 6.338 Thread 0x0000000017412000 nmethod 1563 0x0000000002d35390 code [0x0000000002d35620, 0x0000000002d36808]
Event: 6.338 Thread 0x0000000017412000 1564       3       java.lang.reflect.Method::getGenericParameterTypes (5 bytes)
Event: 6.340 Thread 0x0000000017412000 nmethod 1564 0x0000000002d37210 code [0x0000000002d37440, 0x0000000002d381a8]
Event: 6.340 Thread 0x0000000017412000 1565       3       java.lang.reflect.Method::hasGenericInformation (13 bytes)
Event: 6.340 Thread 0x0000000017412000 nmethod 1565 0x0000000002d38b10 code [0x0000000002d38c60, 0x0000000002d38e30]

GC Heap History (8 events):
Event: 1.234 GC heap before
{Heap before GC invocations=1 (full 0):
 PSYoungGen      total 18944K, used 16384K [0x00000000d5580000, 0x00000000d6a80000, 0x0000000100000000)
  eden space 16384K, 100% used [0x00000000d5580000,0x00000000d6580000,0x00000000d6580000)
  from space 2560K, 0% used [0x00000000d6800000,0x00000000d6800000,0x00000000d6a80000)
  to   space 2560K, 0% used [0x00000000d6580000,0x00000000d6580000,0x00000000d6800000)
 ParOldGen       total 44032K, used 0K [0x0000000080000000, 0x0000000082b00000, 0x00000000d5580000)
  object space 44032K, 0% used [0x0000000080000000,0x0000000080000000,0x0000000082b00000)
 Metaspace       used 5662K, capacity 5960K, committed 6272K, reserved 1056768K
  class space    used 661K, capacity 774K, committed 896K, reserved 1048576K
Event: 1.256 GC heap after
Heap after GC invocations=1 (full 0):
 PSYoungGen      total 18944K, used 2169K [0x00000000d5580000, 0x00000000d7a80000, 0x0000000100000000)
  eden space 16384K, 0% used [0x00000000d5580000,0x00000000d5580000,0x00000000d6580000)
  from space 2560K, 84% used [0x00000000d6580000,0x00000000d679e518,0x00000000d6800000)
  to   space 2560K, 0% used [0x00000000d7800000,0x00000000d7800000,0x00000000d7a80000)
 ParOldGen       total 44032K, used 0K [0x0000000080000000, 0x0000000082b00000, 0x00000000d5580000)
  object space 44032K, 0% used [0x0000000080000000,0x0000000080000000,0x0000000082b00000)
 Metaspace       used 5662K, capacity 5960K, committed 6272K, reserved 1056768K
  class space    used 661K, capacity 774K, committed 896K, reserved 1048576K
}
Event: 1.941 GC heap before
{Heap before GC invocations=2 (full 0):
 PSYoungGen      total 18944K, used 18553K [0x00000000d5580000, 0x00000000d7a80000, 0x0000000100000000)
  eden space 16384K, 100% used [0x00000000d5580000,0x00000000d6580000,0x00000000d6580000)
  from space 2560K, 84% used [0x00000000d6580000,0x00000000d679e518,0x00000000d6800000)
  to   space 2560K, 0% used [0x00000000d7800000,0x00000000d7800000,0x00000000d7a80000)
 ParOldGen       total 44032K, used 0K [0x0000000080000000, 0x0000000082b00000, 0x00000000d5580000)
  object space 44032K, 0% used [0x0000000080000000,0x0000000080000000,0x0000000082b00000)
 Metaspace       used 7225K, capacity 7454K, committed 7680K, reserved 1056768K
  class space    used 890K, capacity 973K, committed 1024K, reserved 1048576K
Event: 1.950 GC heap after
Heap after GC invocations=2 (full 0):
 PSYoungGen      total 35328K, used 2536K [0x00000000d5580000, 0x00000000d7a80000, 0x0000000100000000)
  eden space 32768K, 0% used [0x00000000d5580000,0x00000000d5580000,0x00000000d7580000)
  from space 2560K, 99% used [0x00000000d7800000,0x00000000d7a7a1a8,0x00000000d7a80000)
  to   space 2560K, 0% used [0x00000000d7580000,0x00000000d7580000,0x00000000d7800000)
 ParOldGen       total 44032K, used 904K [0x0000000080000000, 0x0000000082b00000, 0x00000000d5580000)
  object space 44032K, 2% used [0x0000000080000000,0x00000000800e21c8,0x0000000082b00000)
 Metaspace       used 7225K, capacity 7454K, committed 7680K, reserved 1056768K
  class space    used 890K, capacity 973K, committed 1024K, reserved 1048576K
}
Event: 3.329 GC heap before
{Heap before GC invocations=3 (full 0):
 PSYoungGen      total 35328K, used 35304K [0x00000000d5580000, 0x00000000d7a80000, 0x0000000100000000)
  eden space 32768K, 100% used [0x00000000d5580000,0x00000000d7580000,0x00000000d7580000)
  from space 2560K, 99% used [0x00000000d7800000,0x00000000d7a7a1a8,0x00000000d7a80000)
  to   space 2560K, 0% used [0x00000000d7580000,0x00000000d7580000,0x00000000d7800000)
 ParOldGen       total 44032K, used 904K [0x0000000080000000, 0x0000000082b00000, 0x00000000d5580000)
  object space 44032K, 2% used [0x0000000080000000,0x00000000800e21c8,0x0000000082b00000)
 Metaspace       used 7481K, capacity 7766K, committed 7936K, reserved 1056768K
  class space    used 916K, capacity 1013K, committed 1024K, reserved 1048576K
Event: 3.362 GC heap after
Heap after GC invocations=3 (full 0):
 PSYoungGen      total 35328K, used 2560K [0x00000000d5580000, 0x00000000d9a80000, 0x0000000100000000)
  eden space 32768K, 0% used [0x00000000d5580000,0x00000000d5580000,0x00000000d7580000)
  from space 2560K, 100% used [0x00000000d7580000,0x00000000d7800000,0x00000000d7800000)
  to   space 2560K, 0% used [0x00000000d9800000,0x00000000d9800000,0x00000000d9a80000)
 ParOldGen       total 44032K, used 1544K [0x0000000080000000, 0x0000000082b00000, 0x00000000d5580000)
  object space 44032K, 3% used [0x0000000080000000,0x0000000080182348,0x0000000082b00000)
 Metaspace       used 7481K, capacity 7766K, committed 7936K, reserved 1056768K
  class space    used 916K, capacity 1013K, committed 1024K, reserved 1048576K
}
Event: 5.578 GC heap before
{Heap before GC invocations=4 (full 0):
 PSYoungGen      total 35328K, used 35328K [0x00000000d5580000, 0x00000000d9a80000, 0x0000000100000000)
  eden space 32768K, 100% used [0x00000000d5580000,0x00000000d7580000,0x00000000d7580000)
  from space 2560K, 100% used [0x00000000d7580000,0x00000000d7800000,0x00000000d7800000)
  to   space 2560K, 0% used [0x00000000d9800000,0x00000000d9800000,0x00000000d9a80000)
 ParOldGen       total 44032K, used 1544K [0x0000000080000000, 0x0000000082b00000, 0x00000000d5580000)
  object space 44032K, 3% used [0x0000000080000000,0x0000000080182348,0x0000000082b00000)
 Metaspace       used 12217K, capacity 12508K, committed 12800K, reserved 1060864K
  class space    used 1628K, capacity 1726K, committed 1792K, reserved 1048576K
Event: 5.588 GC heap after
Heap after GC invocations=4 (full 0):
 PSYoungGen      total 68096K, used 2560K [0x00000000d5580000, 0x00000000d9a80000, 0x0000000100000000)
  eden space 65536K, 0% used [0x00000000d5580000,0x00000000d5580000,0x00000000d9580000)
  from space 2560K, 100% used [0x00000000d9800000,0x00000000d9a80000,0x00000000d9a80000)
  to   space 2560K, 0% used [0x00000000d9580000,0x00000000d9580000,0x00000000d9800000)
 ParOldGen       total 44032K, used 5120K [0x0000000080000000, 0x0000000082b00000, 0x00000000d5580000)
  object space 44032K, 11% used [0x0000000080000000,0x00000000805000b0,0x0000000082b00000)
 Metaspace       used 12217K, capacity 12508K, committed 12800K, reserved 1060864K
  class space    used 1628K, capacity 1726K, committed 1792K, reserved 1048576K
}

Deoptimization events (10 events):
Event: 5.473 Thread 0x000000001ae8c800 Uncommon trap: reason=bimorphic action=maybe_recompile pc=0x0000000002ab337c method=java.util.HashMap.putVal(ILjava/lang/Object;Ljava/lang/Object;ZZ)Ljava/lang/Object; @ 253
Event: 5.473 Thread 0x000000001ae8c800 Uncommon trap: reason=bimorphic action=maybe_recompile pc=0x0000000002ab337c method=java.util.HashMap.putVal(ILjava/lang/Object;Ljava/lang/Object;ZZ)Ljava/lang/Object; @ 253
Event: 5.473 Thread 0x000000001ae8c800 Uncommon trap: reason=bimorphic action=maybe_recompile pc=0x0000000002ab337c method=java.util.HashMap.putVal(ILjava/lang/Object;Ljava/lang/Object;ZZ)Ljava/lang/Object; @ 253
Event: 5.473 Thread 0x000000001ae8c800 Uncommon trap: reason=bimorphic action=maybe_recompile pc=0x0000000002ab337c method=java.util.HashMap.putVal(ILjava/lang/Object;Ljava/lang/Object;ZZ)Ljava/lang/Object; @ 253
Event: 5.922 Thread 0x000000001ae8c800 Uncommon trap: reason=class_check action=maybe_recompile pc=0x0000000002b10118 method=java.util.regex.Matcher.match(II)Z @ 86
Event: 5.922 Thread 0x000000001ae8c800 Uncommon trap: reason=class_check action=maybe_recompile pc=0x0000000002b10118 method=java.util.regex.Matcher.match(II)Z @ 86
Event: 5.922 Thread 0x000000001ae8c800 Uncommon trap: reason=class_check action=maybe_recompile pc=0x0000000002b10118 method=java.util.regex.Matcher.match(II)Z @ 86
Event: 5.922 Thread 0x000000001ae8c800 Uncommon trap: reason=class_check action=maybe_recompile pc=0x000000000299d70c method=java.util.regex.Matcher.match(II)Z @ 86
Event: 6.099 Thread 0x000000001ae8c800 Uncommon trap: reason=unstable_if action=reinterpret pc=0x0000000002b0b19c method=java.io.File.getName()Ljava/lang/String; @ 16
Event: 6.099 Thread 0x000000001ae8c800 Uncommon trap: reason=unstable_if action=reinterpret pc=0x0000000002b0689c method=java.lang.String.substring(I)Ljava/lang/String; @ 35

Classes redefined (0 events):
No events

Internal exceptions (10 events):
Event: 5.199 Thread 0x000000001ab2c000 Exception <a 'java/lang/NoSuchMethodError': <clinit>> (0x00000000d72f5c40) thrown at [C:\src\AOSP-openjdk-git\hotspot\src\share\vm\prims\jni.cpp, line 1615]
Event: 5.202 Thread 0x000000001ab2c000 Exception <a 'java/lang/NoSuchMethodError': <clinit>> (0x00000000d72ff348) thrown at [C:\src\AOSP-openjdk-git\hotspot\src\share\vm\prims\jni.cpp, line 1615]
Event: 5.205 Thread 0x000000001ab2c000 Exception <a 'java/lang/NoSuchMethodError': <clinit>> (0x00000000d7313900) thrown at [C:\src\AOSP-openjdk-git\hotspot\src\share\vm\prims\jni.cpp, line 1615]
Event: 5.241 Thread 0x000000001ab2c000 Exception <a 'java/lang/NoSuchMethodError': <clinit>> (0x00000000d7380808) thrown at [C:\src\AOSP-openjdk-git\hotspot\src\share\vm\prims\jni.cpp, line 1615]
Event: 5.256 Thread 0x000000001ab2c000 Exception <a 'java/lang/NoSuchMethodError': <clinit>> (0x00000000d73bad00) thrown at [C:\src\AOSP-openjdk-git\hotspot\src\share\vm\prims\jni.cpp, line 1615]
Event: 5.278 Thread 0x000000001ab2c000 Exception <a 'java/lang/NoSuchMethodError': <clinit>> (0x00000000d73f0470) thrown at [C:\src\AOSP-openjdk-git\hotspot\src\share\vm\prims\jni.cpp, line 1615]
Event: 5.285 Thread 0x000000001ab2c000 Exception <a 'java/lang/NoSuchMethodError': <clinit>> (0x00000000d73fca40) thrown at [C:\src\AOSP-openjdk-git\hotspot\src\share\vm\prims\jni.cpp, line 1615]
Event: 6.154 Thread 0x000000001ae8c800 Exception <a 'java/lang/NoSuchMethodError': java.lang.Object.lambda$and$0(Ljava/util/function/Predicate;Ljava/lang/Object;)Z> (0x00000000d782fe28) thrown at [C:\src\AOSP-openjdk-git\hotspot\src\share\vm\interpreter\linkResolver.cpp, line 620]
Event: 6.172 Thread 0x000000001ae8c800 Exception <a 'java/lang/IncompatibleClassChangeError': Found class java.lang.Object, but interface was expected> (0x00000000d7840120) thrown at [C:\src\AOSP-openjdk-git\hotspot\src\share\vm\interpreter\linkResolver.cpp, line 653]
Event: 6.176 Thread 0x000000001ae8c800 Exception <a 'java/lang/NoSuchMethodError': java.lang.Object.lambda$or$2(Ljava/util/function/Predicate;Ljava/lang/Object;)Z> (0x00000000d7844c70) thrown at [C:\src\AOSP-openjdk-git\hotspot\src\share\vm\interpreter\linkResolver.cpp, line 620]

Events (10 events):
Event: 6.332 loading class org/gradle/internal/verifier/HttpRedirectVerifier
Event: 6.332 loading class org/gradle/internal/verifier/HttpRedirectVerifier done
Event: 6.332 loading class org/gradle/internal/resource/local/LocallyAvailableResourceFinder
Event: 6.332 loading class org/gradle/internal/resource/local/LocallyAvailableResourceFinder done
Event: 6.334 loading class org/gradle/api/internal/artifacts/ivyservice/ivyresolve/ResolverProviderFactory
Event: 6.334 loading class org/gradle/api/internal/artifacts/ivyservice/ivyresolve/ResolverProviderFactory done
Event: 6.336 loading class org/gradle/internal/component/external/model/ModuleComponentArtifactMetadata
Event: 6.336 loading class org/gradle/internal/component/external/model/ModuleComponentArtifactMetadata done
Event: 6.340 loading class org/gradle/internal/component/model/ComponentArtifactMetadata
Event: 6.340 loading class org/gradle/internal/component/model/ComponentArtifactMetadata done


Dynamic libraries:
0x00007ff6b9e30000 - 0x00007ff6b9e61000 	C:\Program Files\Android\Android Studio1\jre\bin\java.exe
0x00007fff3f9e0000 - 0x00007fff3fbd0000 	C:\WINDOWS\SYSTEM32\ntdll.dll
0x00007fff3d520000 - 0x00007fff3d5d2000 	C:\WINDOWS\System32\KERNEL32.DLL
0x00007fff3bfc0000 - 0x00007fff3c265000 	C:\WINDOWS\System32\KERNELBASE.dll
0x00007fff3ecf0000 - 0x00007fff3ed93000 	C:\WINDOWS\System32\ADVAPI32.dll
0x00007fff3d110000 - 0x00007fff3d1ae000 	C:\WINDOWS\System32\msvcrt.dll
0x00007fff3f8a0000 - 0x00007fff3f937000 	C:\WINDOWS\System32\sechost.dll
0x00007fff3eda0000 - 0x00007fff3eec0000 	C:\WINDOWS\System32\RPCRT4.dll
0x00007fff3dcf0000 - 0x00007fff3de84000 	C:\WINDOWS\System32\USER32.dll
0x00007fff3c6a0000 - 0x00007fff3c6c1000 	C:\WINDOWS\System32\win32u.dll
0x00007fff3d270000 - 0x00007fff3d296000 	C:\WINDOWS\System32\GDI32.dll
0x00007fff3c500000 - 0x00007fff3c696000 	C:\WINDOWS\System32\gdi32full.dll
0x00007fff3c800000 - 0x00007fff3c89e000 	C:\WINDOWS\System32\msvcp_win.dll
0x00007fff3c6d0000 - 0x00007fff3c7ca000 	C:\WINDOWS\System32\ucrtbase.dll
0x00007fff29770000 - 0x00007fff299f4000 	C:\WINDOWS\WinSxS\amd64_microsoft.windows.common-controls_6595b64144ccf1df_6.0.18362.1256_none_9e7e379be45e40e2\COMCTL32.dll
0x00007fff3f2b0000 - 0x00007fff3f5e6000 	C:\WINDOWS\System32\combase.dll
0x00007fff3c2d0000 - 0x00007fff3c351000 	C:\WINDOWS\System32\bcryptPrimitives.dll
0x00007fff3eba0000 - 0x00007fff3ebce000 	C:\WINDOWS\System32\IMM32.DLL
0x00000000732f0000 - 0x00000000733c2000 	C:\Program Files\Android\Android Studio1\jre\jre\bin\msvcr100.dll
0x0000000073d20000 - 0x000000007456b000 	C:\Program Files\Android\Android Studio1\jre\jre\bin\server\jvm.dll
0x00007fff3d1b0000 - 0x00007fff3d1b8000 	C:\WINDOWS\System32\PSAPI.DLL
0x00007fff38a10000 - 0x00007fff38a34000 	C:\WINDOWS\SYSTEM32\WINMM.dll
0x00007fff389e0000 - 0x00007fff38a0d000 	C:\WINDOWS\SYSTEM32\WINMMBASE.dll
0x00007fff3c4b0000 - 0x00007fff3c4fa000 	C:\WINDOWS\System32\cfgmgr32.dll
0x00007fff2dee0000 - 0x00007fff2deea000 	C:\WINDOWS\SYSTEM32\VERSION.dll
0x00007fff11840000 - 0x00007fff11849000 	C:\WINDOWS\SYSTEM32\WSOCK32.dll
0x0000000002570000 - 0x00000000025df000 	C:\WINDOWS\System32\ws2_32.DLL
0x00007fff10c10000 - 0x00007fff10c1f000 	C:\Program Files\Android\Android Studio1\jre\jre\bin\verify.dll
0x00007fff0af80000 - 0x00007fff0afa9000 	C:\Program Files\Android\Android Studio1\jre\jre\bin\java.dll
0x00007fff0e0a0000 - 0x00007fff0e0b6000 	C:\Program Files\Android\Android Studio1\jre\jre\bin\zip.dll
0x00007fff3e4b0000 - 0x00007fff3eb97000 	C:\WINDOWS\System32\SHELL32.dll
0x00007fff3ebe0000 - 0x00007fff3ec89000 	C:\WINDOWS\System32\shcore.dll
0x00007fff3c8c0000 - 0x00007fff3d041000 	C:\WINDOWS\System32\windows.storage.dll
0x00007fff3bf90000 - 0x00007fff3bfb3000 	C:\WINDOWS\System32\profapi.dll
0x00007fff3bf00000 - 0x00007fff3bf4a000 	C:\WINDOWS\System32\powrprof.dll
0x00007fff3bef0000 - 0x00007fff3bf00000 	C:\WINDOWS\System32\UMPDC.dll
0x00007fff3f940000 - 0x00007fff3f992000 	C:\WINDOWS\System32\shlwapi.dll
0x00007fff3bf70000 - 0x00007fff3bf81000 	C:\WINDOWS\System32\kernel.appcore.dll
0x00007fff3c8a0000 - 0x00007fff3c8b7000 	C:\WINDOWS\System32\cryptsp.dll
0x00007fff0af60000 - 0x00007fff0af7a000 	C:\Program Files\Android\Android Studio1\jre\jre\bin\net.dll
0x00007fff3b740000 - 0x00007fff3b7a7000 	C:\WINDOWS\system32\mswsock.dll
0x00007fff0af40000 - 0x00007fff0af53000 	C:\Program Files\Android\Android Studio1\jre\jre\bin\nio.dll
0x00007fff34530000 - 0x00007fff34557000 	C:\Users\htc\.gradle\native\f6784746aeab05261644944871eae4fe03e0ef1612fff0a4a95f87b438bc6780\windows-amd64\native-platform.dll
0x00007fff0ebc0000 - 0x00007fff0ebcd000 	C:\Program Files\Android\Android Studio1\jre\jre\bin\management.dll
0x00007fff3b2b0000 - 0x00007fff3b2e3000 	C:\WINDOWS\system32\rsaenh.dll
0x00007fff3c7d0000 - 0x00007fff3c7f6000 	C:\WINDOWS\System32\bcrypt.dll
0x00007fff3be10000 - 0x00007fff3be35000 	C:\WINDOWS\SYSTEM32\USERENV.dll
0x00007fff3b910000 - 0x00007fff3b91c000 	C:\WINDOWS\SYSTEM32\CRYPTBASE.dll
0x00007fff3b450000 - 0x00007fff3b48a000 	C:\WINDOWS\SYSTEM32\IPHLPAPI.DLL
0x00007fff3d100000 - 0x00007fff3d108000 	C:\WINDOWS\System32\NSI.dll
0x00007fff333e0000 - 0x00007fff333f6000 	C:\WINDOWS\SYSTEM32\dhcpcsvc6.DLL
0x00007fff33670000 - 0x00007fff3368c000 	C:\WINDOWS\SYSTEM32\dhcpcsvc.DLL
0x00007fff3b490000 - 0x00007fff3b55b000 	C:\WINDOWS\SYSTEM32\DNSAPI.dll
0x00007fff34860000 - 0x00007fff3486b000 	C:\WINDOWS\SYSTEM32\WINNSI.DLL

VM Arguments:
jvm_args: -Xmx2048m -Dfile.encoding=windows-1252 -Duser.country=US -Duser.language=en -Duser.variant 
java_command: org.gradle.launcher.daemon.bootstrap.GradleDaemon 6.5
java_class_path (initial): C:\Users\htc\.gradle\wrapper\dists\gradle-6.5-all\2oz4ud9k3tuxjg84bbf55q0tn\gradle-6.5\lib\gradle-launcher-6.5.jar
Launcher Type: SUN_STANDARD

Environment Variables:
PATH=C:\WINDOWS\system32;C:\WINDOWS;C:\WINDOWS\System32\Wbem;C:\WINDOWS\System32\WindowsPowerShell\v1.0\;C:\WINDOWS\System32\OpenSSH\;C:\Program Files\Microsoft SQL Server\130\Tools\Binn\;C:\Users\htc\AppData\Local\Microsoft\WindowsApps;C:\Users\htc\AppData\Local\Programs\Microsoft VS Code\bin
USERNAME=htc
OS=Windows_NT
PROCESSOR_IDENTIFIER=Intel64 Family 6 Model 69 Stepping 1, GenuineIntel



---------------  S Y S T E M  ---------------

OS: Windows 10.0 , 64 bit Build 18362 (10.0.18362.1110)

CPU:total 4 (initial active 4) (2 cores per cpu, 2 threads per core) family 6 model 69 stepping 1, cmov, cx8, fxsr, mmx, sse, sse2, sse3, ssse3, sse4.1, sse4.2, popcnt, avx, avx2, aes, clmul, erms, lzcnt, ht, tsc, tscinvbit, bmi1, bmi2

Memory: 4k page, physical 4097376k(200112k free), swap 16680288k(84k free)

vm_info: OpenJDK 64-Bit Server VM (25.242-b01) for windows-amd64 JRE (1.8.0_242-release-1644-b01), built by "builder" with MS VC++ 10.0 (VS2010)

time: Sun Dec 13 13:02:06 2020
timezone: Pakistan Standard Time
elapsed time: 6 seconds (0d 0h 0m 6s)

